<?xml version="1.0" encoding="UTF-8"?>
<!-- Generated by org.testng.reporters.JUnitReportReporter -->
<testsuite hostname="DESKTOP-LLLGMOJ" failures="0" tests="4" name="api.testcase.UserTests" time="183.162" errors="0" timestamp="2023-11-11T21:31:05 IST" skipped="0">
  <testcase classname="api.testcase.UserTests" name="testPostUser" time="94.426"/>
  <system-out/>
  <testcase classname="api.testcase.UserTests" name="testGetUser" time="28.808"/>
  <system-out/>
  <testcase classname="api.testcase.UserTests" name="testUpdateUser" time="48.156"/>
  <system-out/>
  <testcase classname="api.testcase.UserTests" name="testDeleteUser" time="11.772"/>
  <system-out/>
</testsuite> <!-- api.testcase.UserTests -->
