<?xml version="1.0" encoding="UTF-8"?>
<!-- Generated by org.testng.reporters.JUnitReportReporter -->
<testsuite hostname="DESKTOP-LLLGMOJ" failures="0" tests="6" name="api.testcase.UserTestWithExcel" time="14.201" errors="0" timestamp="2023-11-11T21:44:31 IST" skipped="0">
  <testcase classname="api.testcase.UserTestWithExcel" name="testPostUser" time="6.352"/>
  <system-out/>
  <testcase classname="api.testcase.UserTestWithExcel" name="testPostUser" time="1.303"/>
  <system-out/>
  <testcase classname="api.testcase.UserTestWithExcel" name="testPostUser" time="1.297"/>
  <system-out/>
  <testcase classname="api.testcase.UserTestWithExcel" name="testDeleteUser" time="1.284"/>
  <system-out/>
  <testcase classname="api.testcase.UserTestWithExcel" name="testDeleteUser" time="1.288"/>
  <system-out/>
  <testcase classname="api.testcase.UserTestWithExcel" name="testDeleteUser" time="2.677"/>
  <system-out/>
</testsuite> <!-- api.testcase.UserTestWithExcel -->
