<?xml version="1.0" encoding="UTF-8"?>
<!-- Generated by org.testng.reporters.JUnitReportReporter -->
<testsuite hostname="DESKTOP-LLLGMOJ" failures="0" tests="1" name="restassuredOps.Operations" time="4.458" errors="0" timestamp="2023-11-09T22:09:39 IST" skipped="0">
  <testcase classname="restassuredOps.Operations" name="testGetOps" time="4.458"/>
  <system-out/>
</testsuite> <!-- restassuredOps.Operations -->
